<testsuites id="" name="" tests="438" failures="185" skipped="0" errors="0" time="291.827163">
<testsuite name="accessibility.spec.ts" timestamp="2025-09-10T01:33:40.455Z" hostname="chromium-desktop" tests="7" failures="0" skipped="0" time="17.923" errors="0">
<testcase name="Accessibility Compliance (WCAG AA) › Color Contrast Ratios" classname="accessibility.spec.ts" time="0.97">
</testcase>
<testcase name="Accessibility Compliance (WCAG AA) › Keyboard Navigation" classname="accessibility.spec.ts" time="1.002">
</testcase>
<testcase name="Accessibility Compliance (WCAG AA) › ARIA Labels and Semantic HTML" classname="accessibility.spec.ts" time="3.479">
</testcase>
<testcase name="Accessibility Compliance (WCAG AA) › Image Alt Text and Media Accessibility" classname="accessibility.spec.ts" time="5.526">
</testcase>
<testcase name="Accessibility Compliance (WCAG AA) › Skip Links and Focus Management" classname="accessibility.spec.ts" time="0.85">
</testcase>
<testcase name="Accessibility Compliance (WCAG AA) › Screen Reader Support and ARIA" classname="accessibility.spec.ts" time="3.479">
</testcase>
<testcase name="Accessibility Compliance (WCAG AA) › Error States and Messages" classname="accessibility.spec.ts" time="2.617">
</testcase>
</testsuite>
<testsuite name="baseline-capture.spec.ts" timestamp="2025-09-10T01:33:40.455Z" hostname="chromium-desktop" tests="1" failures="0" skipped="0" time="5.102" errors="0">
<testcase name="Capture baseline screenshots and analyze visual segmentation" classname="baseline-capture.spec.ts" time="5.102">
<system-out>
<![CDATA[Screenshots and analysis saved to /Users/juleslustig/Hubs/FX_Shield/Code_Archive/Projects/aptly.co/qa/seamless/s1
Found 0 sections
]]>
</system-out>
</testcase>
</testsuite>
<testsuite name="component-consistency.spec.ts" timestamp="2025-09-10T01:33:40.455Z" hostname="chromium-desktop" tests="7" failures="4" skipped="0" time="48.759" errors="0">
<testcase name="Component Consistency and Design System › Button Component Standardization" classname="component-consistency.spec.ts" time="5.937">
<failure message="component-consistency.spec.ts:16:7 Button Component Standardization" type="FAILURE">
<![CDATA[  [chromium-desktop] › component-consistency.spec.ts:16:7 › Component Consistency and Design System › Button Component Standardization 

    Error: expect(received).toBeGreaterThanOrEqual(expected)

    Expected: >= 44
    Received:    33

       98 |       // All buttons should meet minimum touch target size (44px)
       99 |       buttonAnalysis.forEach(btn => {
    > 100 |         expect(btn.height).toBeGreaterThanOrEqual(44);
          |                            ^
      101 |       });
      102 |       
      103 |       // Should have maximum of 2 button variants (primary + secondary)
        at forEach (/Users/juleslustig/Hubs/FX_Shield/Code_Archive/Projects/aptly.co/tests/component-consistency.spec.ts:100:28)
        at /Users/juleslustig/Hubs/FX_Shield/Code_Archive/Projects/aptly.co/tests/component-consistency.spec.ts:99:22

    attachment #1: screenshot (image/png) ──────────────────────────────────────────────────────────
    ../test-results/component-consistency-Comp-dcffc-n-Component-Standardization-chromium-desktop/test-failed-1.png
    ────────────────────────────────────────────────────────────────────────────────────────────────

    attachment #2: video (video/webm) ──────────────────────────────────────────────────────────────
    ../test-results/component-consistency-Comp-dcffc-n-Component-Standardization-chromium-desktop/video.webm
    ────────────────────────────────────────────────────────────────────────────────────────────────

    Error Context: ../test-results/component-consistency-Comp-dcffc-n-Component-Standardization-chromium-desktop/error-context.md
]]>
</failure>
<system-out>
<![CDATA[
[[ATTACHMENT|test-results/component-consistency-Comp-dcffc-n-Component-Standardization-chromium-desktop/test-failed-1.png]]

[[ATTACHMENT|test-results/component-consistency-Comp-dcffc-n-Component-Standardization-chromium-desktop/video.webm]]

[[ATTACHMENT|test-results/component-consistency-Comp-dcffc-n-Component-Standardization-chromium-desktop/error-context.md]]
]]>
</system-out>
</testcase>
<testcase name="Component Consistency and Design System › Card Component Standardization" classname="component-consistency.spec.ts" time="4.227">
</testcase>
<testcase name="Component Consistency and Design System › Typography Hierarchy and Consistency" classname="component-consistency.spec.ts" time="3.618">
<failure message="component-consistency.spec.ts:177:7 Typography Hierarchy and Consistency" type="FAILURE">
<![CDATA[  [chromium-desktop] › component-consistency.spec.ts:177:7 › Component Consistency and Design System › Typography Hierarchy and Consistency 

    Error: expect(received).toContain(expected) // indexOf

    Expected substring: "DM Sans"
    Received string:    "Times"

      246 |       // All text should use DM Sans font family
      247 |       typographyAnalysis.forEach(item => {
    > 248 |         expect(item.fontFamily).toContain('DM Sans');
          |                                 ^
      249 |       });
      250 |       
      251 |       // Check heading hierarchy
        at forEach (/Users/juleslustig/Hubs/FX_Shield/Code_Archive/Projects/aptly.co/tests/component-consistency.spec.ts:248:33)
        at /Users/juleslustig/Hubs/FX_Shield/Code_Archive/Projects/aptly.co/tests/component-consistency.spec.ts:247:26

    attachment #1: screenshot (image/png) ──────────────────────────────────────────────────────────
    ../test-results/component-consistency-Comp-1f314-y-Hierarchy-and-Consistency-chromium-desktop/test-failed-1.png
    ────────────────────────────────────────────────────────────────────────────────────────────────

    attachment #2: video (video/webm) ──────────────────────────────────────────────────────────────
    ../test-results/component-consistency-Comp-1f314-y-Hierarchy-and-Consistency-chromium-desktop/video.webm
    ────────────────────────────────────────────────────────────────────────────────────────────────

    Error Context: ../test-results/component-consistency-Comp-1f314-y-Hierarchy-and-Consistency-chromium-desktop/error-context.md
]]>
</failure>
<system-out>
<![CDATA[
[[ATTACHMENT|test-results/component-consistency-Comp-1f314-y-Hierarchy-and-Consistency-chromium-desktop/test-failed-1.png]]

[[ATTACHMENT|test-results/component-consistency-Comp-1f314-y-Hierarchy-and-Consistency-chromium-desktop/video.webm]]

[[ATTACHMENT|test-results/component-consistency-Comp-1f314-y-Hierarchy-and-Consistency-chromium-desktop/error-context.md]]
]]>
</system-out>
</testcase>
<testcase name="Component Consistency and Design System › Spacing and Layout Consistency" classname="component-consistency.spec.ts" time="3.486">
</testcase>
<testcase name="Component Consistency and Design System › Brand Design Token Usage" classname="component-consistency.spec.ts" time="0.38">
</testcase>
<testcase name="Component Consistency and Design System › Component State Consistency" classname="component-consistency.spec.ts" time="30.191">
<failure message="component-consistency.spec.ts:443:7 Component State Consistency" type="FAILURE">
<![CDATA[  [chromium-desktop] › component-consistency.spec.ts:443:7 › Component Consistency and Design System › Component State Consistency 

    Test timeout of 30000ms exceeded.

    Error: locator.hover: Test timeout of 30000ms exceeded.
    Call log:
      - waiting for locator('button, a, input, textarea, [role="button"]').first()
        - locator resolved to <a href="/" class="flex-shrink-0">…</a>
      - attempting hover action
        2 × waiting for element to be visible and stable
          - element is visible and stable
          - scrolling into view if needed
          - done scrolling
          - <img sizes="100vw" loading="lazy" decoding="async" data-nimg="fill" alt="Meta Data Analyst Professional Certificate" class="object-cover transition-transform duration-700 group-hover:scale-110" src="/_next/image?url=https%3A%2F%2Fuploads.teachablecdn.com%2Fattachments%2F8XsQ7ZlVS5ilg4zOJq65_Data-Analyst-Certificate-Program_Photo_courses.png&w=3840&q=75" srcset="/_next/image?url=https%3A%2F%2Fuploads.teachablecdn.com%2Fattachments%2F8XsQ7ZlVS5ilg4zOJq65_Data-Analyst-Certificate-Program_Photo_courses…/> from <main id="main-content" class="min-h-screen">…</main> subtree intercepts pointer events
        - retrying hover action
        - waiting 20ms
        2 × waiting for element to be visible and stable
          - element is visible and stable
          - scrolling into view if needed
          - done scrolling
          - <img sizes="100vw" loading="lazy" decoding="async" data-nimg="fill" alt="Meta Data Analyst Professional Certificate" class="object-cover transition-transform duration-700 group-hover:scale-110" src="/_next/image?url=https%3A%2F%2Fuploads.teachablecdn.com%2Fattachments%2F8XsQ7ZlVS5ilg4zOJq65_Data-Analyst-Certificate-Program_Photo_courses.png&w=3840&q=75" srcset="/_next/image?url=https%3A%2F%2Fuploads.teachablecdn.com%2Fattachments%2F8XsQ7ZlVS5ilg4zOJq65_Data-Analyst-Certificate-Program_Photo_courses…/> from <main id="main-content" class="min-h-screen">…</main> subtree intercepts pointer events
        - retrying hover action
          - waiting 100ms
        58 × waiting for element to be visible and stable
           - element is visible and stable
           - scrolling into view if needed
           - done scrolling
           - <img sizes="100vw" loading="lazy" decoding="async" data-nimg="fill" alt="Meta Data Analyst Professional Certificate" class="object-cover transition-transform duration-700 group-hover:scale-110" src="/_next/image?url=https%3A%2F%2Fuploads.teachablecdn.com%2Fattachments%2F8XsQ7ZlVS5ilg4zOJq65_Data-Analyst-Certificate-Program_Photo_courses.png&w=3840&q=75" srcset="/_next/image?url=https%3A%2F%2Fuploads.teachablecdn.com%2Fattachments%2F8XsQ7ZlVS5ilg4zOJq65_Data-Analyst-Certificate-Program_Photo_courses…/> from <main id="main-content" class="min-h-screen">…</main> subtree intercepts pointer events
         - retrying hover action
           - waiting 500ms


      464 |         
      465 |         // Hover state
    > 466 |         await element.hover();
          |                       ^
      467 |         await page.waitForTimeout(200);
      468 |         
      469 |         const hoverState = await element.evaluate(el => {
        at /Users/juleslustig/Hubs/FX_Shield/Code_Archive/Projects/aptly.co/tests/component-consistency.spec.ts:466:23

    attachment #1: screenshot (image/png) ──────────────────────────────────────────────────────────
    ../test-results/component-consistency-Comp-1f04c-Component-State-Consistency-chromium-desktop/test-failed-1.png
    ────────────────────────────────────────────────────────────────────────────────────────────────

    attachment #2: video (video/webm) ──────────────────────────────────────────────────────────────
    ../test-results/component-consistency-Comp-1f04c-Component-State-Consistency-chromium-desktop/video.webm
    ────────────────────────────────────────────────────────────────────────────────────────────────

    Error Context: ../test-results/component-consistency-Comp-1f04c-Component-State-Consistency-chromium-desktop/error-context.md
]]>
</failure>
<system-out>
<![CDATA[
[[ATTACHMENT|test-results/component-consistency-Comp-1f04c-Component-State-Consistency-chromium-desktop/test-failed-1.png]]

[[ATTACHMENT|test-results/component-consistency-Comp-1f04c-Component-State-Consistency-chromium-desktop/video.webm]]

[[ATTACHMENT|test-results/component-consistency-Comp-1f04c-Component-State-Consistency-chromium-desktop/error-context.md]]
]]>
</system-out>
</testcase>
<testcase name="Component Consistency and Design System › Icon and Image Consistency" classname="component-consistency.spec.ts" time="0.92">
<failure message="component-consistency.spec.ts:510:7 Icon and Image Consistency" type="FAILURE">
<![CDATA[  [chromium-desktop] › component-consistency.spec.ts:510:7 › Component Consistency and Design System › Icon and Image Consistency 

    Error: expect(received).toBeLessThan(expected)

    Expected: < 200
    Received:   1264

      536 |           // Icons should be reasonably sized
      537 |           expect(iconProps.width).toBeGreaterThan(8);
    > 538 |           expect(iconProps.width).toBeLessThan(200);
          |                                   ^
      539 |           expect(iconProps.height).toBeGreaterThan(8);
      540 |           expect(iconProps.height).toBeLessThan(200);
      541 |           
        at /Users/juleslustig/Hubs/FX_Shield/Code_Archive/Projects/aptly.co/tests/component-consistency.spec.ts:538:35

    attachment #1: screenshot (image/png) ──────────────────────────────────────────────────────────
    ../test-results/component-consistency-Comp-93bfc--Icon-and-Image-Consistency-chromium-desktop/test-failed-1.png
    ────────────────────────────────────────────────────────────────────────────────────────────────

    attachment #2: video (video/webm) ──────────────────────────────────────────────────────────────
    ../test-results/component-consistency-Comp-93bfc--Icon-and-Image-Consistency-chromium-desktop/video.webm
    ────────────────────────────────────────────────────────────────────────────────────────────────

    Error Context: ../test-results/component-consistency-Comp-93bfc--Icon-and-Image-Consistency-chromium-desktop/error-context.md
]]>
</failure>
<system-out>
<![CDATA[
[[ATTACHMENT|test-results/component-consistency-Comp-93bfc--Icon-and-Image-Consistency-chromium-desktop/test-failed-1.png]]

[[ATTACHMENT|test-results/component-consistency-Comp-93bfc--Icon-and-Image-Consistency-chromium-desktop/video.webm]]

[[ATTACHMENT|test-results/component-consistency-Comp-93bfc--Icon-and-Image-Consistency-chromium-desktop/error-context.md]]
]]>
</system-out>
</testcase>
</testsuite>
<testsuite name="dark-mode-theme.spec.ts" timestamp="2025-09-10T01:33:40.455Z" hostname="chromium-desktop" tests="7" failures="1" skipped="0" time="7.678" errors="0">
<testcase name="Dark Mode and Theme Consistency › Dark Mode Toggle Functionality" classname="dark-mode-theme.spec.ts" time="0.413">
</testcase>
<testcase name="Dark Mode and Theme Consistency › Brand Color Consistency Across Themes" classname="dark-mode-theme.spec.ts" time="2.39">
</testcase>
<testcase name="Dark Mode and Theme Consistency › Theme Persistence Across Navigation" classname="dark-mode-theme.spec.ts" time="2.094">
</testcase>
<testcase name="Dark Mode and Theme Consistency › Accessibility in Different Themes" classname="dark-mode-theme.spec.ts" time="1.174">
</testcase>
<testcase name="Dark Mode and Theme Consistency › Theme Toggle Icon and State Indication" classname="dark-mode-theme.spec.ts" time="0.353">
</testcase>
<testcase name="Dark Mode and Theme Consistency › CSS Variables and Custom Properties in Themes" classname="dark-mode-theme.spec.ts" time="0.264">
</testcase>
<testcase name="Dark Mode and Theme Consistency › System Theme Preference Detection" classname="dark-mode-theme.spec.ts" time="0.99">
<failure message="dark-mode-theme.spec.ts:343:7 System Theme Preference Detection" type="FAILURE">
<![CDATA[  [chromium-desktop] › dark-mode-theme.spec.ts:343:7 › Dark Mode and Theme Consistency › System Theme Preference Detection 

    Error: expect(received).toBe(expected) // Object.is equality

    Expected: true
    Received: false

      368 |       if (!hasManualTheme && pref.colorScheme === 'dark') {
      369 |         // Should detect dark system preference
    > 370 |         expect(isDarkMode).toBe(true);
          |                            ^
      371 |       }
      372 |     }
      373 |   });
        at /Users/juleslustig/Hubs/FX_Shield/Code_Archive/Projects/aptly.co/tests/dark-mode-theme.spec.ts:370:28

    attachment #1: screenshot (image/png) ──────────────────────────────────────────────────────────
    ../test-results/dark-mode-theme-Dark-Mode--1b06a--Theme-Preference-Detection-chromium-desktop/test-failed-1.png
    ────────────────────────────────────────────────────────────────────────────────────────────────

    attachment #2: video (video/webm) ──────────────────────────────────────────────────────────────
    ../test-results/dark-mode-theme-Dark-Mode--1b06a--Theme-Preference-Detection-chromium-desktop/video.webm
    ────────────────────────────────────────────────────────────────────────────────────────────────

    Error Context: ../test-results/dark-mode-theme-Dark-Mode--1b06a--Theme-Preference-Detection-chromium-desktop/error-context.md
]]>
</failure>
<system-out>
<![CDATA[
[[ATTACHMENT|test-results/dark-mode-theme-Dark-Mode--1b06a--Theme-Preference-Detection-chromium-desktop/test-failed-1.png]]

[[ATTACHMENT|test-results/dark-mode-theme-Dark-Mode--1b06a--Theme-Preference-Detection-chromium-desktop/video.webm]]

[[ATTACHMENT|test-results/dark-mode-theme-Dark-Mode--1b06a--Theme-Preference-Detection-chromium-desktop/error-context.md]]
]]>
</system-out>
</testcase>
</testsuite>
<testsuite name="e2e-critical-paths.spec.ts" timestamp="2025-09-10T01:33:40.455Z" hostname="chromium-desktop" tests="5" failures="2" skipped="0" time="38.292" errors="0">
<testcase name="Critical User Journeys › Homepage to Contact Journey" classname="e2e-critical-paths.spec.ts" time="31.014">
<failure message="e2e-critical-paths.spec.ts:15:7 Homepage to Contact Journey" type="FAILURE">
<![CDATA[  [chromium-desktop] › e2e-critical-paths.spec.ts:15:7 › Critical User Journeys › Homepage to Contact Journey 

    Test timeout of 30000ms exceeded.

    Error: locator.evaluate: Test timeout of 30000ms exceeded.
    Call log:
      - waiting for locator('[data-testid="hero-section"]').first()


      22 |     // Check brand consistency - navy background
      23 |     const hero = page.locator('[data-testid="hero-section"]').first();
    > 24 |     const bgColor = await hero.evaluate(el => getComputedStyle(el).backgroundColor);
         |                                ^
      25 |     expect(bgColor).toMatch(/rgb\(10, 0, 74\)|#0A004A/i); // Navy color
      26 |     
      27 |     // Navigate to services
        at /Users/juleslustig/Hubs/FX_Shield/Code_Archive/Projects/aptly.co/tests/e2e-critical-paths.spec.ts:24:32

    attachment #1: screenshot (image/png) ──────────────────────────────────────────────────────────
    ../test-results/e2e-critical-paths-Critica-75cc0-Homepage-to-Contact-Journey-chromium-desktop/test-failed-1.png
    ────────────────────────────────────────────────────────────────────────────────────────────────

    attachment #2: video (video/webm) ──────────────────────────────────────────────────────────────
    ../test-results/e2e-critical-paths-Critica-75cc0-Homepage-to-Contact-Journey-chromium-desktop/video.webm
    ────────────────────────────────────────────────────────────────────────────────────────────────

    Error Context: ../test-results/e2e-critical-paths-Critica-75cc0-Homepage-to-Contact-Journey-chromium-desktop/error-context.md
]]>
</failure>
<system-out>
<![CDATA[
[[ATTACHMENT|test-results/e2e-critical-paths-Critica-75cc0-Homepage-to-Contact-Journey-chromium-desktop/test-failed-1.png]]

[[ATTACHMENT|test-results/e2e-critical-paths-Critica-75cc0-Homepage-to-Contact-Journey-chromium-desktop/video.webm]]

[[ATTACHMENT|test-results/e2e-critical-paths-Critica-75cc0-Homepage-to-Contact-Journey-chromium-desktop/error-context.md]]
]]>
</system-out>
</testcase>
<testcase name="Critical User Journeys › Homepage to Study App Journey" classname="e2e-critical-paths.spec.ts" time="0.299">
</testcase>
<testcase name="Critical User Journeys › Navigation Consistency Across Pages" classname="e2e-critical-paths.spec.ts" time="5.452">
<failure message="e2e-critical-paths.spec.ts:79:7 Navigation Consistency Across Pages" type="FAILURE">
<![CDATA[  [chromium-desktop] › e2e-critical-paths.spec.ts:79:7 › Critical User Journeys › Navigation Consistency Across Pages 

    Error: Timed out 5000ms waiting for expect(locator).toBeVisible()

    Locator: locator('img[alt*="Aptly"], svg[role="img"], [data-testid="logo"]').first()
    Expected: visible
    Received: <element(s) not found>
    Call log:
      - Expect "toBeVisible" with timeout 5000ms
      - waiting for locator('img[alt*="Aptly"], svg[role="img"], [data-testid="logo"]').first()


      89 |       // Verify Aptly logo is present
      90 |       const logo = page.locator('img[alt*="Aptly"], svg[role="img"], [data-testid="logo"]').first();
    > 91 |       await expect(logo).toBeVisible();
         |                          ^
      92 |       
      93 |       // Check footer is present
      94 |       const footer = page.locator('footer');
        at /Users/juleslustig/Hubs/FX_Shield/Code_Archive/Projects/aptly.co/tests/e2e-critical-paths.spec.ts:91:26

    attachment #1: screenshot (image/png) ──────────────────────────────────────────────────────────
    ../test-results/e2e-critical-paths-Critica-07d23-on-Consistency-Across-Pages-chromium-desktop/test-failed-1.png
    ────────────────────────────────────────────────────────────────────────────────────────────────

    attachment #2: video (video/webm) ──────────────────────────────────────────────────────────────
    ../test-results/e2e-critical-paths-Critica-07d23-on-Consistency-Across-Pages-chromium-desktop/video.webm
    ────────────────────────────────────────────────────────────────────────────────────────────────

    Error Context: ../test-results/e2e-critical-paths-Critica-07d23-on-Consistency-Across-Pages-chromium-desktop/error-context.md
]]>
</failure>
<system-out>
<![CDATA[
[[ATTACHMENT|test-results/e2e-critical-paths-Critica-07d23-on-Consistency-Across-Pages-chromium-desktop/test-failed-1.png]]

[[ATTACHMENT|test-results/e2e-critical-paths-Critica-07d23-on-Consistency-Across-Pages-chromium-desktop/video.webm]]

[[ATTACHMENT|test-results/e2e-critical-paths-Critica-07d23-on-Consistency-Across-Pages-chromium-desktop/error-context.md]]
]]>
</system-out>
</testcase>
<testcase name="Critical User Journeys › Search and Discovery Flow" classname="e2e-critical-paths.spec.ts" time="1.221">
</testcase>
<testcase name="Critical User Journeys › Form Interactions and Validation" classname="e2e-critical-paths.spec.ts" time="0.306">
</testcase>
</testsuite>
<testsuite name="mobile-responsiveness.spec.ts" timestamp="2025-09-10T01:33:40.455Z" hostname="chromium-desktop" tests="26" failures="10" skipped="0" time="98.471" errors="0">
<testcase name="Mobile Responsiveness › Mobile Small (375x667) › Homepage Layout and Navigation" classname="mobile-responsiveness.spec.ts" time="30.073">
<failure message="mobile-responsiveness.spec.ts:30:11 Homepage Layout and Navigation" type="FAILURE">
<![CDATA[  [chromium-desktop] › mobile-responsiveness.spec.ts:30:11 › Mobile Responsiveness › Mobile Small (375x667) › Homepage Layout and Navigation 

    Test timeout of 30000ms exceeded.

    Error: locator.click: Test timeout of 30000ms exceeded.
    Call log:
      - waiting for locator('[aria-label*="menu"], [aria-label*="Menu"], .menu-toggle, [data-testid="menu-toggle"]')
        - locator resolved to <button aria-label="Toggle menu" class="p-3 min-w-[44px] min-h-[44px] flex items-center justify-center text-white hover:text-teal transition-all duration-200 hover:scale-110">…</button>
      - attempting click action
        2 × waiting for element to be visible, enabled and stable
          - element is visible, enabled and stable
          - scrolling into view if needed
          - done scrolling
          - <img sizes="100vw" loading="lazy" decoding="async" data-nimg="fill" alt="Meta Data Analyst Professional Certificate" class="object-cover transition-transform duration-700 group-hover:scale-110" src="/_next/image?url=https%3A%2F%2Fuploads.teachablecdn.com%2Fattachments%2F8XsQ7ZlVS5ilg4zOJq65_Data-Analyst-Certificate-Program_Photo_courses.png&w=3840&q=75" srcset="/_next/image?url=https%3A%2F%2Fuploads.teachablecdn.com%2Fattachments%2F8XsQ7ZlVS5ilg4zOJq65_Data-Analyst-Certificate-Program_Photo_courses…/> from <main id="main-content" class="min-h-screen">…</main> subtree intercepts pointer events
        - retrying click action
        - waiting 20ms
        2 × waiting for element to be visible, enabled and stable
          - element is visible, enabled and stable
          - scrolling into view if needed
          - done scrolling
          - <img sizes="100vw" loading="lazy" decoding="async" data-nimg="fill" alt="Meta Data Analyst Professional Certificate" class="object-cover transition-transform duration-700 group-hover:scale-110" src="/_next/image?url=https%3A%2F%2Fuploads.teachablecdn.com%2Fattachments%2F8XsQ7ZlVS5ilg4zOJq65_Data-Analyst-Certificate-Program_Photo_courses.png&w=3840&q=75" srcset="/_next/image?url=https%3A%2F%2Fuploads.teachablecdn.com%2Fattachments%2F8XsQ7ZlVS5ilg4zOJq65_Data-Analyst-Certificate-Program_Photo_courses…/> from <main id="main-content" class="min-h-screen">…</main> subtree intercepts pointer events
        - retrying click action
          - waiting 100ms
        56 × waiting for element to be visible, enabled and stable
           - element is visible, enabled and stable
           - scrolling into view if needed
           - done scrolling
           - <img sizes="100vw" loading="lazy" decoding="async" data-nimg="fill" alt="Meta Data Analyst Professional Certificate" class="object-cover transition-transform duration-700 group-hover:scale-110" src="/_next/image?url=https%3A%2F%2Fuploads.teachablecdn.com%2Fattachments%2F8XsQ7ZlVS5ilg4zOJq65_Data-Analyst-Certificate-Program_Photo_courses.png&w=3840&q=75" srcset="/_next/image?url=https%3A%2F%2Fuploads.teachablecdn.com%2Fattachments%2F8XsQ7ZlVS5ilg4zOJq65_Data-Analyst-Certificate-Program_Photo_courses…/> from <main id="main-content" class="min-h-screen">…</main> subtree intercepts pointer events
         - retrying click action
           - waiting 500ms


      45 |           
      46 |           if (await hamburger.isVisible()) {
    > 47 |             await hamburger.click();
         |                             ^
      48 |             await expect(mobileMenu).toBeVisible();
      49 |             
      50 |             // Check touch targets (should be at least 44px)
        at /Users/juleslustig/Hubs/FX_Shield/Code_Archive/Projects/aptly.co/tests/mobile-responsiveness.spec.ts:47:29

    attachment #1: screenshot (image/png) ──────────────────────────────────────────────────────────
    ../test-results/mobile-responsiveness-Mobi-f2fd2-epage-Layout-and-Navigation-chromium-desktop/test-failed-1.png
    ────────────────────────────────────────────────────────────────────────────────────────────────

    attachment #2: video (video/webm) ──────────────────────────────────────────────────────────────
    ../test-results/mobile-responsiveness-Mobi-f2fd2-epage-Layout-and-Navigation-chromium-desktop/video.webm
    ────────────────────────────────────────────────────────────────────────────────────────────────

    Error Context: ../test-results/mobile-responsiveness-Mobi-f2fd2-epage-Layout-and-Navigation-chromium-desktop/error-context.md
]]>
</failure>
<system-out>
<![CDATA[
[[ATTACHMENT|test-results/mobile-responsiveness-Mobi-f2fd2-epage-Layout-and-Navigation-chromium-desktop/test-failed-1.png]]

[[ATTACHMENT|test-results/mobile-responsiveness-Mobi-f2fd2-epage-Layout-and-Navigation-chromium-desktop/video.webm]]

[[ATTACHMENT|test-results/mobile-responsiveness-Mobi-f2fd2-epage-Layout-and-Navigation-chromium-desktop/error-context.md]]
]]>
</system-out>
</testcase>
<testcase name="Mobile Responsiveness › Mobile Small (375x667) › Form Elements and Touch Targets" classname="mobile-responsiveness.spec.ts" time="1.024">
<failure message="mobile-responsiveness.spec.ts:73:11 Form Elements and Touch Targets" type="FAILURE">
<![CDATA[  [chromium-desktop] › mobile-responsiveness.spec.ts:73:11 › Mobile Responsiveness › Mobile Small (375x667) › Form Elements and Touch Targets 

    Error: expect(received).toBeGreaterThanOrEqual(expected)

    Expected: >= 44
    Received:    33

      84 |             if (box) {
      85 |               // Touch targets should be at least 44x44px
    > 86 |               expect(box.height).toBeGreaterThanOrEqual(44);
         |                                  ^
      87 |               
      88 |               // Width should be reasonable for mobile
      89 |               if (viewport.width <= 768) {
        at /Users/juleslustig/Hubs/FX_Shield/Code_Archive/Projects/aptly.co/tests/mobile-responsiveness.spec.ts:86:34

    attachment #1: screenshot (image/png) ──────────────────────────────────────────────────────────
    ../test-results/mobile-responsiveness-Mobi-118f6--Elements-and-Touch-Targets-chromium-desktop/test-failed-1.png
    ────────────────────────────────────────────────────────────────────────────────────────────────

    attachment #2: video (video/webm) ──────────────────────────────────────────────────────────────
    ../test-results/mobile-responsiveness-Mobi-118f6--Elements-and-Touch-Targets-chromium-desktop/video.webm
    ────────────────────────────────────────────────────────────────────────────────────────────────

    Error Context: ../test-results/mobile-responsiveness-Mobi-118f6--Elements-and-Touch-Targets-chromium-desktop/error-context.md
]]>
</failure>
<system-out>
<![CDATA[
[[ATTACHMENT|test-results/mobile-responsiveness-Mobi-118f6--Elements-and-Touch-Targets-chromium-desktop/test-failed-1.png]]

[[ATTACHMENT|test-results/mobile-responsiveness-Mobi-118f6--Elements-and-Touch-Targets-chromium-desktop/video.webm]]

[[ATTACHMENT|test-results/mobile-responsiveness-Mobi-118f6--Elements-and-Touch-Targets-chromium-desktop/error-context.md]]
]]>
</system-out>
</testcase>
<testcase name="Mobile Responsiveness › Mobile Small (375x667) › Typography and Readability" classname="mobile-responsiveness.spec.ts" time="0.195">
</testcase>
<testcase name="Mobile Responsiveness › Mobile Small (375x667) › Images and Media Responsiveness" classname="mobile-responsiveness.spec.ts" time="0.228">
</testcase>
<testcase name="Mobile Responsiveness › Mobile Small (375x667) › Content Layout and Spacing" classname="mobile-responsiveness.spec.ts" time="0.357">
</testcase>
<testcase name="Mobile Responsiveness › Mobile Large (428x926) › Homepage Layout and Navigation" classname="mobile-responsiveness.spec.ts" time="30.251">
<failure message="mobile-responsiveness.spec.ts:30:11 Homepage Layout and Navigation" type="FAILURE">
<![CDATA[  [chromium-desktop] › mobile-responsiveness.spec.ts:30:11 › Mobile Responsiveness › Mobile Large (428x926) › Homepage Layout and Navigation 

    Test timeout of 30000ms exceeded.

    Error: locator.click: Test timeout of 30000ms exceeded.
    Call log:
      - waiting for locator('[aria-label*="menu"], [aria-label*="Menu"], .menu-toggle, [data-testid="menu-toggle"]')
        - locator resolved to <button aria-label="Toggle menu" class="p-3 min-w-[44px] min-h-[44px] flex items-center justify-center text-white hover:text-teal transition-all duration-200 hover:scale-110">…</button>
      - attempting click action
        2 × waiting for element to be visible, enabled and stable
          - element is visible, enabled and stable
          - scrolling into view if needed
          - done scrolling
          - <img sizes="100vw" loading="lazy" decoding="async" data-nimg="fill" alt="Meta Data Analyst Professional Certificate" class="object-cover transition-transform duration-700 group-hover:scale-110" src="/_next/image?url=https%3A%2F%2Fuploads.teachablecdn.com%2Fattachments%2F8XsQ7ZlVS5ilg4zOJq65_Data-Analyst-Certificate-Program_Photo_courses.png&w=3840&q=75" srcset="/_next/image?url=https%3A%2F%2Fuploads.teachablecdn.com%2Fattachments%2F8XsQ7ZlVS5ilg4zOJq65_Data-Analyst-Certificate-Program_Photo_courses…/> from <main id="main-content" class="min-h-screen">…</main> subtree intercepts pointer events
        - retrying click action
        - waiting 20ms
        2 × waiting for element to be visible, enabled and stable
          - element is visible, enabled and stable
          - scrolling into view if needed
          - done scrolling
          - <img sizes="100vw" loading="lazy" decoding="async" data-nimg="fill" alt="Meta Data Analyst Professional Certificate" class="object-cover transition-transform duration-700 group-hover:scale-110" src="/_next/image?url=https%3A%2F%2Fuploads.teachablecdn.com%2Fattachments%2F8XsQ7ZlVS5ilg4zOJq65_Data-Analyst-Certificate-Program_Photo_courses.png&w=3840&q=75" srcset="/_next/image?url=https%3A%2F%2Fuploads.teachablecdn.com%2Fattachments%2F8XsQ7ZlVS5ilg4zOJq65_Data-Analyst-Certificate-Program_Photo_courses…/> from <main id="main-content" class="min-h-screen">…</main> subtree intercepts pointer events
        - retrying click action
          - waiting 100ms
        58 × waiting for element to be visible, enabled and stable
           - element is visible, enabled and stable
           - scrolling into view if needed
           - done scrolling
           - <img sizes="100vw" loading="lazy" decoding="async" data-nimg="fill" alt="Meta Data Analyst Professional Certificate" class="object-cover transition-transform duration-700 group-hover:scale-110" src="/_next/image?url=https%3A%2F%2Fuploads.teachablecdn.com%2Fattachments%2F8XsQ7ZlVS5ilg4zOJq65_Data-Analyst-Certificate-Program_Photo_courses.png&w=3840&q=75" srcset="/_next/image?url=https%3A%2F%2Fuploads.teachablecdn.com%2Fattachments%2F8XsQ7ZlVS5ilg4zOJq65_Data-Analyst-Certificate-Program_Photo_courses…/> from <main id="main-content" class="min-h-screen">…</main> subtree intercepts pointer events
         - retrying click action
           - waiting 500ms


      45 |           
      46 |           if (await hamburger.isVisible()) {
    > 47 |             await hamburger.click();
         |                             ^
      48 |             await expect(mobileMenu).toBeVisible();
      49 |             
      50 |             // Check touch targets (should be at least 44px)
        at /Users/juleslustig/Hubs/FX_Shield/Code_Archive/Projects/aptly.co/tests/mobile-responsiveness.spec.ts:47:29

    attachment #1: screenshot (image/png) ──────────────────────────────────────────────────────────
    ../test-results/mobile-responsiveness-Mobi-9b714-epage-Layout-and-Navigation-chromium-desktop/test-failed-1.png
    ────────────────────────────────────────────────────────────────────────────────────────────────

    attachment #2: video (video/webm) ──────────────────────────────────────────────────────────────
    ../test-results/mobile-responsiveness-Mobi-9b714-epage-Layout-and-Navigation-chromium-desktop/video.webm
    ────────────────────────────────────────────────────────────────────────────────────────────────

    Error Context: ../test-results/mobile-responsiveness-Mobi-9b714-epage-Layout-and-Navigation-chromium-desktop/error-context.md
]]>
</failure>
<system-out>
<![CDATA[
[[ATTACHMENT|test-results/mobile-responsiveness-Mobi-9b714-epage-Layout-and-Navigation-chromium-desktop/test-failed-1.png]]

[[ATTACHMENT|test-results/mobile-responsiveness-Mobi-9b714-epage-Layout-and-Navigation-chromium-desktop/video.webm]]

[[ATTACHMENT|test-results/mobile-responsiveness-Mobi-9b714-epage-Layout-and-Navigation-chromium-desktop/error-context.md]]
]]>
</system-out>
</testcase>
<testcase name="Mobile Responsiveness › Mobile Large (428x926) › Form Elements and Touch Targets" classname="mobile-responsiveness.spec.ts" time="0.179">
<failure message="mobile-responsiveness.spec.ts:73:11 Form Elements and Touch Targets" type="FAILURE">
<![CDATA[  [chromium-desktop] › mobile-responsiveness.spec.ts:73:11 › Mobile Responsiveness › Mobile Large (428x926) › Form Elements and Touch Targets 

    Error: expect(received).toBeGreaterThanOrEqual(expected)

    Expected: >= 44
    Received:    33

      84 |             if (box) {
      85 |               // Touch targets should be at least 44x44px
    > 86 |               expect(box.height).toBeGreaterThanOrEqual(44);
         |                                  ^
      87 |               
      88 |               // Width should be reasonable for mobile
      89 |               if (viewport.width <= 768) {
        at /Users/juleslustig/Hubs/FX_Shield/Code_Archive/Projects/aptly.co/tests/mobile-responsiveness.spec.ts:86:34

    attachment #1: screenshot (image/png) ──────────────────────────────────────────────────────────
    ../test-results/mobile-responsiveness-Mobi-5392a--Elements-and-Touch-Targets-chromium-desktop/test-failed-1.png
    ────────────────────────────────────────────────────────────────────────────────────────────────

    attachment #2: video (video/webm) ──────────────────────────────────────────────────────────────
    ../test-results/mobile-responsiveness-Mobi-5392a--Elements-and-Touch-Targets-chromium-desktop/video.webm
    ────────────────────────────────────────────────────────────────────────────────────────────────

    Error Context: ../test-results/mobile-responsiveness-Mobi-5392a--Elements-and-Touch-Targets-chromium-desktop/error-context.md
]]>
</failure>
<system-out>
<![CDATA[
[[ATTACHMENT|test-results/mobile-responsiveness-Mobi-5392a--Elements-and-Touch-Targets-chromium-desktop/test-failed-1.png]]

[[ATTACHMENT|test-results/mobile-responsiveness-Mobi-5392a--Elements-and-Touch-Targets-chromium-desktop/video.webm]]

[[ATTACHMENT|test-results/mobile-responsiveness-Mobi-5392a--Elements-and-Touch-Targets-chromium-desktop/error-context.md]]
]]>
</system-out>
</testcase>
<testcase name="Mobile Responsiveness › Mobile Large (428x926) › Typography and Readability" classname="mobile-responsiveness.spec.ts" time="0.228">
</testcase>
<testcase name="Mobile Responsiveness › Mobile Large (428x926) › Images and Media Responsiveness" classname="mobile-responsiveness.spec.ts" time="0.194">
</testcase>
<testcase name="Mobile Responsiveness › Mobile Large (428x926) › Content Layout and Spacing" classname="mobile-responsiveness.spec.ts" time="0.359">
</testcase>
<testcase name="Mobile Responsiveness › Tablet Portrait (768x1024) › Homepage Layout and Navigation" classname="mobile-responsiveness.spec.ts" time="30.327">
<failure message="mobile-responsiveness.spec.ts:30:11 Homepage Layout and Navigation" type="FAILURE">
<![CDATA[  [chromium-desktop] › mobile-responsiveness.spec.ts:30:11 › Mobile Responsiveness › Tablet Portrait (768x1024) › Homepage Layout and Navigation 

    Test timeout of 30000ms exceeded.

    Error: locator.click: Test timeout of 30000ms exceeded.
    Call log:
      - waiting for locator('[aria-label*="menu"], [aria-label*="Menu"], .menu-toggle, [data-testid="menu-toggle"]')
        - locator resolved to <button aria-label="Toggle menu" class="p-3 min-w-[44px] min-h-[44px] flex items-center justify-center text-white hover:text-teal transition-all duration-200 hover:scale-110">…</button>
      - attempting click action
        2 × waiting for element to be visible, enabled and stable
          - element is visible, enabled and stable
          - scrolling into view if needed
          - done scrolling
          - <img sizes="100vw" loading="lazy" decoding="async" data-nimg="fill" alt="Meta Data Analyst Professional Certificate" class="object-cover transition-transform duration-700 group-hover:scale-110" src="/_next/image?url=https%3A%2F%2Fuploads.teachablecdn.com%2Fattachments%2F8XsQ7ZlVS5ilg4zOJq65_Data-Analyst-Certificate-Program_Photo_courses.png&w=3840&q=75" srcset="/_next/image?url=https%3A%2F%2Fuploads.teachablecdn.com%2Fattachments%2F8XsQ7ZlVS5ilg4zOJq65_Data-Analyst-Certificate-Program_Photo_courses…/> from <main id="main-content" class="min-h-screen">…</main> subtree intercepts pointer events
        - retrying click action
        - waiting 20ms
        2 × waiting for element to be visible, enabled and stable
          - element is visible, enabled and stable
          - scrolling into view if needed
          - done scrolling
          - <img sizes="100vw" loading="lazy" decoding="async" data-nimg="fill" alt="Meta Data Analyst Professional Certificate" class="object-cover transition-transform duration-700 group-hover:scale-110" src="/_next/image?url=https%3A%2F%2Fuploads.teachablecdn.com%2Fattachments%2F8XsQ7ZlVS5ilg4zOJq65_Data-Analyst-Certificate-Program_Photo_courses.png&w=3840&q=75" srcset="/_next/image?url=https%3A%2F%2Fuploads.teachablecdn.com%2Fattachments%2F8XsQ7ZlVS5ilg4zOJq65_Data-Analyst-Certificate-Program_Photo_courses…/> from <main id="main-content" class="min-h-screen">…</main> subtree intercepts pointer events
        - retrying click action
          - waiting 100ms
        58 × waiting for element to be visible, enabled and stable
           - element is visible, enabled and stable
           - scrolling into view if needed
           - done scrolling
           - <img sizes="100vw" loading="lazy" decoding="async" data-nimg="fill" alt="Meta Data Analyst Professional Certificate" class="object-cover transition-transform duration-700 group-hover:scale-110" src="/_next/image?url=https%3A%2F%2Fuploads.teachablecdn.com%2Fattachments%2F8XsQ7ZlVS5ilg4zOJq65_Data-Analyst-Certificate-Program_Photo_courses.png&w=3840&q=75" srcset="/_next/image?url=https%3A%2F%2Fuploads.teachablecdn.com%2Fattachments%2F8XsQ7ZlVS5ilg4zOJq65_Data-Analyst-Certificate-Program_Photo_courses…/> from <main id="main-content" class="min-h-screen">…</main> subtree intercepts pointer events
         - retrying click action
           - waiting 500ms


      45 |           
      46 |           if (await hamburger.isVisible()) {
    > 47 |             await hamburger.click();
         |                             ^
      48 |             await expect(mobileMenu).toBeVisible();
      49 |             
      50 |             // Check touch targets (should be at least 44px)
        at /Users/juleslustig/Hubs/FX_Shield/Code_Archive/Projects/aptly.co/tests/mobile-responsiveness.spec.ts:47:29

    attachment #1: screenshot (image/png) ──────────────────────────────────────────────────────────
    ../test-results/mobile-responsiveness-Mobi-5425d-epage-Layout-and-Navigation-chromium-desktop/test-failed-1.png
    ────────────────────────────────────────────────────────────────────────────────────────────────

    attachment #2: video (video/webm) ──────────────────────────────────────────────────────────────
    ../test-results/mobile-responsiveness-Mobi-5425d-epage-Layout-and-Navigation-chromium-desktop/video.webm
    ────────────────────────────────────────────────────────────────────────────────────────────────

    Error Context: ../test-results/mobile-responsiveness-Mobi-5425d-epage-Layout-and-Navigation-chromium-desktop/error-context.md
]]>
</failure>
<system-out>
<![CDATA[
[[ATTACHMENT|test-results/mobile-responsiveness-Mobi-5425d-epage-Layout-and-Navigation-chromium-desktop/test-failed-1.png]]

[[ATTACHMENT|test-results/mobile-responsiveness-Mobi-5425d-epage-Layout-and-Navigation-chromium-desktop/video.webm]]

[[ATTACHMENT|test-results/mobile-responsiveness-Mobi-5425d-epage-Layout-and-Navigation-chromium-desktop/error-context.md]]
]]>
</system-out>
</testcase>
<testcase name="Mobile Responsiveness › Tablet Portrait (768x1024) › Form Elements and Touch Targets" classname="mobile-responsiveness.spec.ts" time="0.217">
<failure message="mobile-responsiveness.spec.ts:73:11 Form Elements and Touch Targets" type="FAILURE">
<![CDATA[  [chromium-desktop] › mobile-responsiveness.spec.ts:73:11 › Mobile Responsiveness › Tablet Portrait (768x1024) › Form Elements and Touch Targets 

    Error: expect(received).toBeGreaterThanOrEqual(expected)

    Expected: >= 44
    Received:    33

      84 |             if (box) {
      85 |               // Touch targets should be at least 44x44px
    > 86 |               expect(box.height).toBeGreaterThanOrEqual(44);
         |                                  ^
      87 |               
      88 |               // Width should be reasonable for mobile
      89 |               if (viewport.width <= 768) {
        at /Users/juleslustig/Hubs/FX_Shield/Code_Archive/Projects/aptly.co/tests/mobile-responsiveness.spec.ts:86:34

    attachment #1: screenshot (image/png) ──────────────────────────────────────────────────────────
    ../test-results/mobile-responsiveness-Mobi-4f4f7--Elements-and-Touch-Targets-chromium-desktop/test-failed-1.png
    ────────────────────────────────────────────────────────────────────────────────────────────────

    attachment #2: video (video/webm) ──────────────────────────────────────────────────────────────
    ../test-results/mobile-responsiveness-Mobi-4f4f7--Elements-and-Touch-Targets-chromium-desktop/video.webm
    ────────────────────────────────────────────────────────────────────────────────────────────────

    Error Context: ../test-results/mobile-responsiveness-Mobi-4f4f7--Elements-and-Touch-Targets-chromium-desktop/error-context.md
]]>
</failure>
<system-out>
<![CDATA[
[[ATTACHMENT|test-results/mobile-responsiveness-Mobi-4f4f7--Elements-and-Touch-Targets-chromium-desktop/test-failed-1.png]]

[[ATTACHMENT|test-results/mobile-responsiveness-Mobi-4f4f7--Elements-and-Touch-Targets-chromium-desktop/video.webm]]

[[ATTACHMENT|test-results/mobile-responsiveness-Mobi-4f4f7--Elements-and-Touch-Targets-chromium-desktop/error-context.md]]
]]>
</system-out>
</testcase>
<testcase name="Mobile Responsiveness › Tablet Portrait (768x1024) › Typography and Readability" classname="mobile-responsiveness.spec.ts" time="0.272">
</testcase>
<testcase name="Mobile Responsiveness › Tablet Portrait (768x1024) › Images and Media Responsiveness" classname="mobile-responsiveness.spec.ts" time="0.261">
</testcase>
<testcase name="Mobile Responsiveness › Tablet Portrait (768x1024) › Content Layout and Spacing" classname="mobile-responsiveness.spec.ts" time="0.362">
</testcase>
<testcase name="Mobile Responsiveness › Tablet Landscape (1024x768) › Homepage Layout and Navigation" classname="mobile-responsiveness.spec.ts" time="0.254">
</testcase>
<testcase name="Mobile Responsiveness › Tablet Landscape (1024x768) › Form Elements and Touch Targets" classname="mobile-responsiveness.spec.ts" time="0.182">
<failure message="mobile-responsiveness.spec.ts:73:11 Form Elements and Touch Targets" type="FAILURE">
<![CDATA[  [chromium-desktop] › mobile-responsiveness.spec.ts:73:11 › Mobile Responsiveness › Tablet Landscape (1024x768) › Form Elements and Touch Targets 

    Error: expect(received).toBeGreaterThanOrEqual(expected)

    Expected: >= 44
    Received:    33

      84 |             if (box) {
      85 |               // Touch targets should be at least 44x44px
    > 86 |               expect(box.height).toBeGreaterThanOrEqual(44);
         |                                  ^
      87 |               
      88 |               // Width should be reasonable for mobile
      89 |               if (viewport.width <= 768) {
        at /Users/juleslustig/Hubs/FX_Shield/Code_Archive/Projects/aptly.co/tests/mobile-responsiveness.spec.ts:86:34

    attachment #1: screenshot (image/png) ──────────────────────────────────────────────────────────
    ../test-results/mobile-responsiveness-Mobi-27195--Elements-and-Touch-Targets-chromium-desktop/test-failed-1.png
    ────────────────────────────────────────────────────────────────────────────────────────────────

    attachment #2: video (video/webm) ──────────────────────────────────────────────────────────────
    ../test-results/mobile-responsiveness-Mobi-27195--Elements-and-Touch-Targets-chromium-desktop/video.webm
    ────────────────────────────────────────────────────────────────────────────────────────────────

    Error Context: ../test-results/mobile-responsiveness-Mobi-27195--Elements-and-Touch-Targets-chromium-desktop/error-context.md
]]>
</failure>
<system-out>
<![CDATA[
[[ATTACHMENT|test-results/mobile-responsiveness-Mobi-27195--Elements-and-Touch-Targets-chromium-desktop/test-failed-1.png]]

[[ATTACHMENT|test-results/mobile-responsiveness-Mobi-27195--Elements-and-Touch-Targets-chromium-desktop/video.webm]]

[[ATTACHMENT|test-results/mobile-responsiveness-Mobi-27195--Elements-and-Touch-Targets-chromium-desktop/error-context.md]]
]]>
</system-out>
</testcase>
<testcase name="Mobile Responsiveness › Tablet Landscape (1024x768) › Typography and Readability" classname="mobile-responsiveness.spec.ts" time="0.283">
<failure message="mobile-responsiveness.spec.ts:107:11 Typography and Readability" type="FAILURE">
<![CDATA[  [chromium-desktop] › mobile-responsiveness.spec.ts:107:11 › Mobile Responsiveness › Tablet Landscape (1024x768) › Typography and Readability 

    Error: expect(received).toBeGreaterThanOrEqual(expected)

    Expected: >= 32
    Received:    24

      120 |             expect(fontSizeNum).toBeGreaterThanOrEqual(24); // Minimum h1 size on mobile
      121 |           } else {
    > 122 |             expect(fontSizeNum).toBeGreaterThanOrEqual(32); // Larger on desktop
          |                                 ^
      123 |           }
      124 |         }
      125 |         
        at /Users/juleslustig/Hubs/FX_Shield/Code_Archive/Projects/aptly.co/tests/mobile-responsiveness.spec.ts:122:33

    attachment #1: screenshot (image/png) ──────────────────────────────────────────────────────────
    ../test-results/mobile-responsiveness-Mobi-18bb9--Typography-and-Readability-chromium-desktop/test-failed-1.png
    ────────────────────────────────────────────────────────────────────────────────────────────────

    attachment #2: video (video/webm) ──────────────────────────────────────────────────────────────
    ../test-results/mobile-responsiveness-Mobi-18bb9--Typography-and-Readability-chromium-desktop/video.webm
    ────────────────────────────────────────────────────────────────────────────────────────────────

    Error Context: ../test-results/mobile-responsiveness-Mobi-18bb9--Typography-and-Readability-chromium-desktop/error-context.md
]]>
</failure>
<system-out>
<![CDATA[
[[ATTACHMENT|test-results/mobile-responsiveness-Mobi-18bb9--Typography-and-Readability-chromium-desktop/test-failed-1.png]]

[[ATTACHMENT|test-results/mobile-responsiveness-Mobi-18bb9--Typography-and-Readability-chromium-desktop/video.webm]]

[[ATTACHMENT|test-results/mobile-responsiveness-Mobi-18bb9--Typography-and-Readability-chromium-desktop/error-context.md]]
]]>
</system-out>
</testcase>
<testcase name="Mobile Responsiveness › Tablet Landscape (1024x768) › Images and Media Responsiveness" classname="mobile-responsiveness.spec.ts" time="0.273">
</testcase>
<testcase name="Mobile Responsiveness › Tablet Landscape (1024x768) › Content Layout and Spacing" classname="mobile-responsiveness.spec.ts" time="0.316">
</testcase>
<testcase name="Mobile Responsiveness › Desktop Small (1280x720) › Homepage Layout and Navigation" classname="mobile-responsiveness.spec.ts" time="0.271">
</testcase>
<testcase name="Mobile Responsiveness › Desktop Small (1280x720) › Form Elements and Touch Targets" classname="mobile-responsiveness.spec.ts" time="0.152">
<failure message="mobile-responsiveness.spec.ts:73:11 Form Elements and Touch Targets" type="FAILURE">
<![CDATA[  [chromium-desktop] › mobile-responsiveness.spec.ts:73:11 › Mobile Responsiveness › Desktop Small (1280x720) › Form Elements and Touch Targets 

    Error: expect(received).toBeGreaterThanOrEqual(expected)

    Expected: >= 44
    Received:    33

      84 |             if (box) {
      85 |               // Touch targets should be at least 44x44px
    > 86 |               expect(box.height).toBeGreaterThanOrEqual(44);
         |                                  ^
      87 |               
      88 |               // Width should be reasonable for mobile
      89 |               if (viewport.width <= 768) {
        at /Users/juleslustig/Hubs/FX_Shield/Code_Archive/Projects/aptly.co/tests/mobile-responsiveness.spec.ts:86:34

    attachment #1: screenshot (image/png) ──────────────────────────────────────────────────────────
    ../test-results/mobile-responsiveness-Mobi-ad86b--Elements-and-Touch-Targets-chromium-desktop/test-failed-1.png
    ────────────────────────────────────────────────────────────────────────────────────────────────

    attachment #2: video (video/webm) ──────────────────────────────────────────────────────────────
    ../test-results/mobile-responsiveness-Mobi-ad86b--Elements-and-Touch-Targets-chromium-desktop/video.webm
    ────────────────────────────────────────────────────────────────────────────────────────────────

    Error Context: ../test-results/mobile-responsiveness-Mobi-ad86b--Elements-and-Touch-Targets-chromium-desktop/error-context.md
]]>
</failure>
<system-out>
<![CDATA[
[[ATTACHMENT|test-results/mobile-responsiveness-Mobi-ad86b--Elements-and-Touch-Targets-chromium-desktop/test-failed-1.png]]

[[ATTACHMENT|test-results/mobile-responsiveness-Mobi-ad86b--Elements-and-Touch-Targets-chromium-desktop/video.webm]]

[[ATTACHMENT|test-results/mobile-responsiveness-Mobi-ad86b--Elements-and-Touch-Targets-chromium-desktop/error-context.md]]
]]>
</system-out>
</testcase>
<testcase name="Mobile Responsiveness › Desktop Small (1280x720) › Typography and Readability" classname="mobile-responsiveness.spec.ts" time="0.295">
<failure message="mobile-responsiveness.spec.ts:107:11 Typography and Readability" type="FAILURE">
<![CDATA[  [chromium-desktop] › mobile-responsiveness.spec.ts:107:11 › Mobile Responsiveness › Desktop Small (1280x720) › Typography and Readability 

    Error: expect(received).toBeGreaterThanOrEqual(expected)

    Expected: >= 32
    Received:    24

      120 |             expect(fontSizeNum).toBeGreaterThanOrEqual(24); // Minimum h1 size on mobile
      121 |           } else {
    > 122 |             expect(fontSizeNum).toBeGreaterThanOrEqual(32); // Larger on desktop
          |                                 ^
      123 |           }
      124 |         }
      125 |         
        at /Users/juleslustig/Hubs/FX_Shield/Code_Archive/Projects/aptly.co/tests/mobile-responsiveness.spec.ts:122:33

    attachment #1: screenshot (image/png) ──────────────────────────────────────────────────────────
    ../test-results/mobile-responsiveness-Mobi-ef09b--Typography-and-Readability-chromium-desktop/test-failed-1.png
    ────────────────────────────────────────────────────────────────────────────────────────────────

    attachment #2: video (video/webm) ──────────────────────────────────────────────────────────────
    ../test-results/mobile-responsiveness-Mobi-ef09b--Typography-and-Readability-chromium-desktop/video.webm
    ────────────────────────────────────────────────────────────────────────────────────────────────

    Error Context: ../test-results/mobile-responsiveness-Mobi-ef09b--Typography-and-Readability-chromium-desktop/error-context.md
]]>
</failure>
<system-out>
<![CDATA[
[[ATTACHMENT|test-results/mobile-responsiveness-Mobi-ef09b--Typography-and-Readability-chromium-desktop/test-failed-1.png]]

[[ATTACHMENT|test-results/mobile-responsiveness-Mobi-ef09b--Typography-and-Readability-chromium-desktop/video.webm]]

[[ATTACHMENT|test-results/mobile-responsiveness-Mobi-ef09b--Typography-and-Readability-chromium-desktop/error-context.md]]
]]>
</system-out>
</testcase>
<testcase name="Mobile Responsiveness › Desktop Small (1280x720) › Images and Media Responsiveness" classname="mobile-responsiveness.spec.ts" time="0.305">
</testcase>
<testcase name="Mobile Responsiveness › Desktop Small (1280x720) › Content Layout and Spacing" classname="mobile-responsiveness.spec.ts" time="1.201">
</testcase>
<testcase name="Mobile Responsiveness › Orientation Change Handling" classname="mobile-responsiveness.spec.ts" time="0.412">
</testcase>
</testsuite>
<testsuite name="performance.spec.ts" timestamp="2025-09-10T01:33:40.455Z" hostname="chromium-desktop" tests="8" failures="2" skipped="0" time="14.522" errors="0">
<testcase name="Performance Testing › Core Web Vitals Measurement" classname="performance.spec.ts" time="3.879">
</testcase>
<testcase name="Performance Testing › Image Loading Performance" classname="performance.spec.ts" time="0.303">
</testcase>
<testcase name="Performance Testing › JavaScript Bundle Size and Loading" classname="performance.spec.ts" time="2.773">
</testcase>
<testcase name="Performance Testing › CSS Loading and Rendering Performance" classname="performance.spec.ts" time="0.279">
<failure message="performance.spec.ts:194:7 CSS Loading and Rendering Performance" type="FAILURE">
<![CDATA[  [chromium-desktop] › performance.spec.ts:194:7 › Performance Testing › CSS Loading and Rendering Performance 

    TypeError: response.fromCache is not a function

      200 |           url: response.url(),
      201 |           status: response.status(),
    > 202 |           fromCache: response.fromCache()
          |                               ^
      203 |         });
      204 |       }
      205 |     });
        at Page.<anonymous> (/Users/juleslustig/Hubs/FX_Shield/Code_Archive/Projects/aptly.co/tests/performance.spec.ts:202:31)

    Error: expect(received).toBeGreaterThan(expected)

    Expected: > 0
    Received:   0

      208 |     
      209 |     // Check CSS loading
    > 210 |     expect(cssRequests.length).toBeGreaterThan(0);
          |                                ^
      211 |     
      212 |     // All CSS should load successfully
      213 |     cssRequests.forEach(css => {
        at /Users/juleslustig/Hubs/FX_Shield/Code_Archive/Projects/aptly.co/tests/performance.spec.ts:210:32

    attachment #1: screenshot (image/png) ──────────────────────────────────────────────────────────
    ../test-results/performance-Performance-Te-50121-g-and-Rendering-Performance-chromium-desktop/test-failed-1.png
    ────────────────────────────────────────────────────────────────────────────────────────────────

    attachment #2: video (video/webm) ──────────────────────────────────────────────────────────────
    ../test-results/performance-Performance-Te-50121-g-and-Rendering-Performance-chromium-desktop/video.webm
    ────────────────────────────────────────────────────────────────────────────────────────────────

    Error Context: ../test-results/performance-Performance-Te-50121-g-and-Rendering-Performance-chromium-desktop/error-context.md
]]>
</failure>
<system-out>
<![CDATA[
[[ATTACHMENT|test-results/performance-Performance-Te-50121-g-and-Rendering-Performance-chromium-desktop/test-failed-1.png]]

[[ATTACHMENT|test-results/performance-Performance-Te-50121-g-and-Rendering-Performance-chromium-desktop/video.webm]]

[[ATTACHMENT|test-results/performance-Performance-Te-50121-g-and-Rendering-Performance-chromium-desktop/error-context.md]]
]]>
</system-out>
</testcase>
<testcase name="Performance Testing › Page Load Speed Across Routes" classname="performance.spec.ts" time="0.538">
</testcase>
<testcase name="Performance Testing › Resource Caching and Optimization" classname="performance.spec.ts" time="0.901">
<failure message="performance.spec.ts:297:7 Resource Caching and Optimization" type="FAILURE">
<![CDATA[  [chromium-desktop] › performance.spec.ts:297:7 › Performance Testing › Resource Caching and Optimization 

    TypeError: response.fromCache is not a function

      306 |     
      307 |     page.on('response', response => {
    > 308 |       if (response.fromCache()) {
          |                    ^
      309 |         cachedResources.push({
      310 |           url: response.url(),
      311 |           type: response.request().resourceType(),
        at Page.<anonymous> (/Users/juleslustig/Hubs/FX_Shield/Code_Archive/Projects/aptly.co/tests/performance.spec.ts:308:20)

    Error: page.goto: Test ended.
    Call log:
      - navigating to "http://localhost:3000/", waiting until "networkidle"


      315 |     });
      316 |     
    > 317 |     await page.goto('/', { waitUntil: 'networkidle' });
          |                ^
      318 |     
      319 |     // Should have some cached resources on repeat visit
      320 |     expect(cachedResources.length).toBeGreaterThan(0);
        at /Users/juleslustig/Hubs/FX_Shield/Code_Archive/Projects/aptly.co/tests/performance.spec.ts:317:16

    attachment #1: screenshot (image/png) ──────────────────────────────────────────────────────────
    ../test-results/performance-Performance-Te-88e70-ce-Caching-and-Optimization-chromium-desktop/test-failed-1.png
    ────────────────────────────────────────────────────────────────────────────────────────────────

    attachment #2: video (video/webm) ──────────────────────────────────────────────────────────────
    ../test-results/performance-Performance-Te-88e70-ce-Caching-and-Optimization-chromium-desktop/video.webm
    ────────────────────────────────────────────────────────────────────────────────────────────────

    Error Context: ../test-results/performance-Performance-Te-88e70-ce-Caching-and-Optimization-chromium-desktop/error-context.md
]]>
</failure>
<system-out>
<![CDATA[
[[ATTACHMENT|test-results/performance-Performance-Te-88e70-ce-Caching-and-Optimization-chromium-desktop/test-failed-1.png]]

[[ATTACHMENT|test-results/performance-Performance-Te-88e70-ce-Caching-and-Optimization-chromium-desktop/video.webm]]

[[ATTACHMENT|test-results/performance-Performance-Te-88e70-ce-Caching-and-Optimization-chromium-desktop/error-context.md]]
]]>
</system-out>
</testcase>
<testcase name="Performance Testing › Memory Usage and Resource Cleanup" classname="performance.spec.ts" time="5.547">
</testcase>
<testcase name="Performance Testing › Font Loading Performance" classname="performance.spec.ts" time="0.302">
</testcase>
</testsuite>
<testsuite name="seamless-test.spec.ts" timestamp="2025-09-10T01:33:40.455Z" hostname="chromium-desktop" tests="2" failures="0" skipped="0" time="8.926" errors="0">
<testcase name="Seamless Background Pattern Test › should measure background transitions on home page" classname="seamless-test.spec.ts" time="5.721">
<system-out>
<![CDATA[Seamless Pattern Score:
=======================
Unique Backgrounds: 1
Transition Count: 0
Soft Fades Used: 4
Surface Cards: 9
Above Fold: PASS
Total Page: PASS
Improvement: 7 fewer transitions
]]>
</system-out>
</testcase>
<testcase name="Seamless Background Pattern Test › should verify visual consistency" classname="seamless-test.spec.ts" time="3.205">
</testcase>
</testsuite>
<testsuite name="visual-regression.spec.ts" timestamp="2025-09-10T01:33:40.455Z" hostname="chromium-desktop" tests="10" failures="10" skipped="0" time="41.591" errors="0">
<testcase name="Visual Regression Testing › Homepage Visual Consistency" classname="visual-regression.spec.ts" time="8.877">
<failure message="visual-regression.spec.ts:29:7 Homepage Visual Consistency" type="FAILURE">
<![CDATA[  [chromium-desktop] › visual-regression.spec.ts:29:7 › Visual Regression Testing › Homepage Visual Consistency 

    Error: expect(page).toHaveScreenshot(expected)

      Expected an image 1280px by 7174px, received 1280px by 5014px. 8671191 pixels (ratio 0.95 of all image pixels) are different.

      Snapshot: homepage-full.png

    Call log:
      - Expect "toHaveScreenshot(homepage-full.png)" with timeout 5000ms
        - verifying given screenshot expectation
      - taking page screenshot
        - disabled all CSS animations
      - waiting for fonts to load...
      - fonts loaded
      - Expected an image 1280px by 7174px, received 1280px by 5021px. 8671191 pixels (ratio 0.95 of all image pixels) are different.
      - waiting 100ms before taking screenshot
      - taking page screenshot
        - disabled all CSS animations
      - waiting for fonts to load...
      - fonts loaded
      - Expected an image 1280px by 5021px, received 1280px by 5014px.
      - waiting 250ms before taking screenshot
      - taking page screenshot
        - disabled all CSS animations
      - waiting for fonts to load...
      - fonts loaded
      - captured a stable screenshot
      - Expected an image 1280px by 7174px, received 1280px by 5014px. 8671191 pixels (ratio 0.95 of all image pixels) are different.


      46 |     
      47 |     // Take full page screenshot
    > 48 |     await expect(page).toHaveScreenshot('homepage-full.png', {
         |                        ^
      49 |       fullPage: true,
      50 |       animations: 'disabled'
      51 |     });
        at /Users/juleslustig/Hubs/FX_Shield/Code_Archive/Projects/aptly.co/tests/visual-regression.spec.ts:48:24

    attachment #1: homepage-full (image/png) ───────────────────────────────────────────────────────
    Expected: visual-regression.spec.ts-snapshots/homepage-full-chromium-desktop-darwin.png
    Received: ../test-results/visual-regression-Visual-R-7b7aa-Homepage-Visual-Consistency-chromium-desktop/homepage-full-actual.png
    Diff:     ../test-results/visual-regression-Visual-R-7b7aa-Homepage-Visual-Consistency-chromium-desktop/homepage-full-diff.png
    ────────────────────────────────────────────────────────────────────────────────────────────────

    attachment #2: screenshot (image/png) ──────────────────────────────────────────────────────────
    ../test-results/visual-regression-Visual-R-7b7aa-Homepage-Visual-Consistency-chromium-desktop/test-failed-1.png
    ────────────────────────────────────────────────────────────────────────────────────────────────

    attachment #3: video (video/webm) ──────────────────────────────────────────────────────────────
    ../test-results/visual-regression-Visual-R-7b7aa-Homepage-Visual-Consistency-chromium-desktop/video.webm
    ────────────────────────────────────────────────────────────────────────────────────────────────

    Error Context: ../test-results/visual-regression-Visual-R-7b7aa-Homepage-Visual-Consistency-chromium-desktop/error-context.md
]]>
</failure>
<system-out>
<![CDATA[
[[ATTACHMENT|tests/visual-regression.spec.ts-snapshots/homepage-full-chromium-desktop-darwin.png]]

[[ATTACHMENT|test-results/visual-regression-Visual-R-7b7aa-Homepage-Visual-Consistency-chromium-desktop/homepage-full-actual.png]]

[[ATTACHMENT|test-results/visual-regression-Visual-R-7b7aa-Homepage-Visual-Consistency-chromium-desktop/homepage-full-diff.png]]

[[ATTACHMENT|test-results/visual-regression-Visual-R-7b7aa-Homepage-Visual-Consistency-chromium-desktop/test-failed-1.png]]

[[ATTACHMENT|test-results/visual-regression-Visual-R-7b7aa-Homepage-Visual-Consistency-chromium-desktop/video.webm]]

[[ATTACHMENT|test-results/visual-regression-Visual-R-7b7aa-Homepage-Visual-Consistency-chromium-desktop/error-context.md]]
]]>
</system-out>
</testcase>
<testcase name="Visual Regression Testing › Component Visual Consistency" classname="visual-regression.spec.ts" time="0.953">
<failure message="visual-regression.spec.ts:68:7 Component Visual Consistency" type="FAILURE">
<![CDATA[  [chromium-desktop] › visual-regression.spec.ts:68:7 › Visual Regression Testing › Component Visual Consistency 

    Error: expect(locator).toHaveScreenshot(expected)

      Expected an image 53px by 52px, received 40px by 33px. 2468 pixels (ratio 0.90 of all image pixels) are different.

      Snapshot: button-0.png

    Call log:
      - Expect "toHaveScreenshot(button-0.png)" with timeout 5000ms
        - verifying given screenshot expectation
      - waiting for locator('button, [role="button"], a[class*="button"]').first()
        - locator resolved to <button aria-label="Toggle menu" class="p-3 min-w-[44px] min-h-[44px] flex items-center justify-center text-white hover:text-teal transition-all duration-200 hover:scale-110">…</button>
      - taking element screenshot
        - disabled all CSS animations
      - waiting for fonts to load...
      - fonts loaded
      - attempting scroll into view action
        - waiting for element to be stable
      - Expected an image 53px by 52px, received 40px by 33px. 2468 pixels (ratio 0.90 of all image pixels) are different.
      - waiting 100ms before taking screenshot
      - waiting for locator('button, [role="button"], a[class*="button"]').first()
        - locator resolved to <button aria-label="Toggle menu" class="p-3 min-w-[44px] min-h-[44px] flex items-center justify-center text-white hover:text-teal transition-all duration-200 hover:scale-110">…</button>
      - taking element screenshot
        - disabled all CSS animations
      - waiting for fonts to load...
      - fonts loaded
      - attempting scroll into view action
        - waiting for element to be stable
      - captured a stable screenshot
      - Expected an image 53px by 52px, received 40px by 33px. 2468 pixels (ratio 0.90 of all image pixels) are different.


      78 |         const button = buttons.nth(i);
      79 |         if (await button.isVisible()) {
    > 80 |           await expect(button).toHaveScreenshot(`button-${i}.png`, {
         |                                ^
      81 |             animations: 'disabled'
      82 |           });
      83 |         }
        at /Users/juleslustig/Hubs/FX_Shield/Code_Archive/Projects/aptly.co/tests/visual-regression.spec.ts:80:32

    attachment #1: button-0 (image/png) ────────────────────────────────────────────────────────────
    Expected: visual-regression.spec.ts-snapshots/button-0-chromium-desktop-darwin.png
    Received: ../test-results/visual-regression-Visual-R-45f02-omponent-Visual-Consistency-chromium-desktop/button-0-actual.png
    Diff:     ../test-results/visual-regression-Visual-R-45f02-omponent-Visual-Consistency-chromium-desktop/button-0-diff.png
    ────────────────────────────────────────────────────────────────────────────────────────────────

    attachment #2: screenshot (image/png) ──────────────────────────────────────────────────────────
    ../test-results/visual-regression-Visual-R-45f02-omponent-Visual-Consistency-chromium-desktop/test-failed-1.png
    ────────────────────────────────────────────────────────────────────────────────────────────────

    attachment #3: video (video/webm) ──────────────────────────────────────────────────────────────
    ../test-results/visual-regression-Visual-R-45f02-omponent-Visual-Consistency-chromium-desktop/video.webm
    ────────────────────────────────────────────────────────────────────────────────────────────────

    Error Context: ../test-results/visual-regression-Visual-R-45f02-omponent-Visual-Consistency-chromium-desktop/error-context.md
]]>
</failure>
<system-out>
<![CDATA[
[[ATTACHMENT|tests/visual-regression.spec.ts-snapshots/button-0-chromium-desktop-darwin.png]]

[[ATTACHMENT|test-results/visual-regression-Visual-R-45f02-omponent-Visual-Consistency-chromium-desktop/button-0-actual.png]]

[[ATTACHMENT|test-results/visual-regression-Visual-R-45f02-omponent-Visual-Consistency-chromium-desktop/button-0-diff.png]]

[[ATTACHMENT|test-results/visual-regression-Visual-R-45f02-omponent-Visual-Consistency-chromium-desktop/test-failed-1.png]]

[[ATTACHMENT|test-results/visual-regression-Visual-R-45f02-omponent-Visual-Consistency-chromium-desktop/video.webm]]

[[ATTACHMENT|test-results/visual-regression-Visual-R-45f02-omponent-Visual-Consistency-chromium-desktop/error-context.md]]
]]>
</system-out>
</testcase>
<testcase name="Visual Regression Testing › Page Layout Consistency" classname="visual-regression.spec.ts" time="8.265">
<failure message="visual-regression.spec.ts:112:7 Page Layout Consistency" type="FAILURE">
<![CDATA[  [chromium-desktop] › visual-regression.spec.ts:112:7 › Visual Regression Testing › Page Layout Consistency 

    Error: expect(page).toHaveScreenshot(expected)

      Expected an image 1280px by 7174px, received 1280px by 5014px. 8671191 pixels (ratio 0.95 of all image pixels) are different.

      Snapshot: homepage-page.png

    Call log:
      - Expect "toHaveScreenshot(homepage-page.png)" with timeout 5000ms
        - verifying given screenshot expectation
      - taking page screenshot
        - disabled all CSS animations
      - waiting for fonts to load...
      - fonts loaded
      - Expected an image 1280px by 7174px, received 1280px by 5021px. 8671191 pixels (ratio 0.95 of all image pixels) are different.
      - waiting 100ms before taking screenshot
      - taking page screenshot
        - disabled all CSS animations
      - waiting for fonts to load...
      - fonts loaded
      - Expected an image 1280px by 5021px, received 1280px by 5014px.
      - waiting 250ms before taking screenshot
      - taking page screenshot
        - disabled all CSS animations
      - waiting for fonts to load...
      - fonts loaded
      - captured a stable screenshot
      - Expected an image 1280px by 7174px, received 1280px by 5014px. 8671191 pixels (ratio 0.95 of all image pixels) are different.


      138 |       
      139 |       // Full page screenshot
    > 140 |       await expect(page).toHaveScreenshot(`${pageInfo.name}-page.png`, {
          |                          ^
      141 |         fullPage: true,
      142 |         animations: 'disabled'
      143 |       });
        at /Users/juleslustig/Hubs/FX_Shield/Code_Archive/Projects/aptly.co/tests/visual-regression.spec.ts:140:26

    attachment #1: homepage-page (image/png) ───────────────────────────────────────────────────────
    Expected: visual-regression.spec.ts-snapshots/homepage-page-chromium-desktop-darwin.png
    Received: ../test-results/visual-regression-Visual-R-35790-ing-Page-Layout-Consistency-chromium-desktop/homepage-page-actual.png
    Diff:     ../test-results/visual-regression-Visual-R-35790-ing-Page-Layout-Consistency-chromium-desktop/homepage-page-diff.png
    ────────────────────────────────────────────────────────────────────────────────────────────────

    attachment #2: screenshot (image/png) ──────────────────────────────────────────────────────────
    ../test-results/visual-regression-Visual-R-35790-ing-Page-Layout-Consistency-chromium-desktop/test-failed-1.png
    ────────────────────────────────────────────────────────────────────────────────────────────────

    attachment #3: video (video/webm) ──────────────────────────────────────────────────────────────
    ../test-results/visual-regression-Visual-R-35790-ing-Page-Layout-Consistency-chromium-desktop/video.webm
    ────────────────────────────────────────────────────────────────────────────────────────────────

    Error Context: ../test-results/visual-regression-Visual-R-35790-ing-Page-Layout-Consistency-chromium-desktop/error-context.md
]]>
</failure>
<system-out>
<![CDATA[
[[ATTACHMENT|tests/visual-regression.spec.ts-snapshots/homepage-page-chromium-desktop-darwin.png]]

[[ATTACHMENT|test-results/visual-regression-Visual-R-35790-ing-Page-Layout-Consistency-chromium-desktop/homepage-page-actual.png]]

[[ATTACHMENT|test-results/visual-regression-Visual-R-35790-ing-Page-Layout-Consistency-chromium-desktop/homepage-page-diff.png]]

[[ATTACHMENT|test-results/visual-regression-Visual-R-35790-ing-Page-Layout-Consistency-chromium-desktop/test-failed-1.png]]

[[ATTACHMENT|test-results/visual-regression-Visual-R-35790-ing-Page-Layout-Consistency-chromium-desktop/video.webm]]

[[ATTACHMENT|test-results/visual-regression-Visual-R-35790-ing-Page-Layout-Consistency-chromium-desktop/error-context.md]]
]]>
</system-out>
</testcase>
<testcase name="Visual Regression Testing › Mobile Visual Consistency" classname="visual-regression.spec.ts" time="5.085">
<failure message="visual-regression.spec.ts:163:7 Mobile Visual Consistency" type="FAILURE">
<![CDATA[  [chromium-desktop] › visual-regression.spec.ts:163:7 › Visual Regression Testing › Mobile Visual Consistency 

    Error: expect(page).toHaveScreenshot(expected)

      Expected an image 375px by 12718px, received 375px by 4585px. 4456310 pixels (ratio 0.94 of all image pixels) are different.

      Snapshot: mobile-home.png

    Call log:
      - Expect "toHaveScreenshot(mobile-home.png)" with timeout 5000ms
        - verifying given screenshot expectation
      - taking page screenshot
        - disabled all CSS animations
      - waiting for fonts to load...
      - fonts loaded
      - Expected an image 375px by 12718px, received 375px by 4594px. 4456310 pixels (ratio 0.94 of all image pixels) are different.
      - waiting 100ms before taking screenshot
      - taking page screenshot
        - disabled all CSS animations
      - waiting for fonts to load...
      - fonts loaded
      - Expected an image 375px by 4594px, received 375px by 4585px.
      - waiting 250ms before taking screenshot
      - taking page screenshot
        - disabled all CSS animations
      - waiting for fonts to load...
      - fonts loaded
      - captured a stable screenshot
      - Expected an image 375px by 12718px, received 375px by 4585px. 4456310 pixels (ratio 0.94 of all image pixels) are different.


      175 |       
      176 |       // Mobile full page
    > 177 |       await expect(page).toHaveScreenshot(`mobile-${pageName}.png`, {
          |                          ^
      178 |         fullPage: true,
      179 |         animations: 'disabled'
      180 |       });
        at /Users/juleslustig/Hubs/FX_Shield/Code_Archive/Projects/aptly.co/tests/visual-regression.spec.ts:177:26

    attachment #1: mobile-home (image/png) ─────────────────────────────────────────────────────────
    Expected: visual-regression.spec.ts-snapshots/mobile-home-chromium-desktop-darwin.png
    Received: ../test-results/visual-regression-Visual-R-5e000-g-Mobile-Visual-Consistency-chromium-desktop/mobile-home-actual.png
    Diff:     ../test-results/visual-regression-Visual-R-5e000-g-Mobile-Visual-Consistency-chromium-desktop/mobile-home-diff.png
    ────────────────────────────────────────────────────────────────────────────────────────────────

    attachment #2: screenshot (image/png) ──────────────────────────────────────────────────────────
    ../test-results/visual-regression-Visual-R-5e000-g-Mobile-Visual-Consistency-chromium-desktop/test-failed-1.png
    ────────────────────────────────────────────────────────────────────────────────────────────────

    attachment #3: video (video/webm) ──────────────────────────────────────────────────────────────
    ../test-results/visual-regression-Visual-R-5e000-g-Mobile-Visual-Consistency-chromium-desktop/video.webm
    ────────────────────────────────────────────────────────────────────────────────────────────────

    Error Context: ../test-results/visual-regression-Visual-R-5e000-g-Mobile-Visual-Consistency-chromium-desktop/error-context.md
]]>
</failure>
<system-out>
<![CDATA[
[[ATTACHMENT|tests/visual-regression.spec.ts-snapshots/mobile-home-chromium-desktop-darwin.png]]

[[ATTACHMENT|test-results/visual-regression-Visual-R-5e000-g-Mobile-Visual-Consistency-chromium-desktop/mobile-home-actual.png]]

[[ATTACHMENT|test-results/visual-regression-Visual-R-5e000-g-Mobile-Visual-Consistency-chromium-desktop/mobile-home-diff.png]]

[[ATTACHMENT|test-results/visual-regression-Visual-R-5e000-g-Mobile-Visual-Consistency-chromium-desktop/test-failed-1.png]]

[[ATTACHMENT|test-results/visual-regression-Visual-R-5e000-g-Mobile-Visual-Consistency-chromium-desktop/video.webm]]

[[ATTACHMENT|test-results/visual-regression-Visual-R-5e000-g-Mobile-Visual-Consistency-chromium-desktop/error-context.md]]
]]>
</system-out>
</testcase>
<testcase name="Visual Regression Testing › Brand Color Visual Validation" classname="visual-regression.spec.ts" time="2.218">
<failure message="visual-regression.spec.ts:192:7 Brand Color Visual Validation" type="FAILURE">
<![CDATA[  [chromium-desktop] › visual-regression.spec.ts:192:7 › Visual Regression Testing › Brand Color Visual Validation 

    Error: expect(page).toHaveScreenshot(expected)

      722180 pixels (ratio 0.79 of all image pixels) are different.

      Snapshot: brand-colors-reference.png

    Call log:
      - Expect "toHaveScreenshot(brand-colors-reference.png)" with timeout 5000ms
[...]

[[ATTACHMENT|test-results/visual-regression-Visual-R-8ee91-and-Color-Visual-Validation-tablet/brand-colors-reference-diff.png]]

[[ATTACHMENT|test-results/visual-regression-Visual-R-8ee91-and-Color-Visual-Validation-tablet/test-failed-1.png]]

[[ATTACHMENT|test-results/visual-regression-Visual-R-8ee91-and-Color-Visual-Validation-tablet/video.webm]]

[[ATTACHMENT|test-results/visual-regression-Visual-R-8ee91-and-Color-Visual-Validation-tablet/error-context.md]]
]]>
</system-out>
</testcase>
<testcase name="Visual Regression Testing › Typography Visual Consistency" classname="visual-regression.spec.ts" time="1.517">
<failure message="visual-regression.spec.ts:239:7 Typography Visual Consistency" type="FAILURE">
<![CDATA[  [tablet] › visual-regression.spec.ts:239:7 › Visual Regression Testing › Typography Visual Consistency 

    Error: expect(page).toHaveScreenshot(expected)

      631432 pixels (ratio 0.69 of all image pixels) are different.

      Snapshot: typography-reference.png

    Call log:
      - Expect "toHaveScreenshot(typography-reference.png)" with timeout 5000ms
        - verifying given screenshot expectation
      - taking page screenshot
        - disabled all CSS animations
      - waiting for fonts to load...
      - fonts loaded
      - 631432 pixels (ratio 0.69 of all image pixels) are different.
      - waiting 100ms before taking screenshot
      - taking page screenshot
        - disabled all CSS animations
      - waiting for fonts to load...
      - fonts loaded
      - captured a stable screenshot
      - 631432 pixels (ratio 0.69 of all image pixels) are different.


      278 |     await page.waitForTimeout(500);
      279 |     
    > 280 |     await expect(page).toHaveScreenshot('typography-reference.png', {
          |                        ^
      281 |       animations: 'disabled'
      282 |     });
      283 |   });
        at /Users/juleslustig/Hubs/FX_Shield/Code_Archive/Projects/aptly.co/tests/visual-regression.spec.ts:280:24

    attachment #1: typography-reference (image/png) ────────────────────────────────────────────────
    Expected: visual-regression.spec.ts-snapshots/typography-reference-tablet-darwin.png
    Received: ../test-results/visual-regression-Visual-R-88125-pography-Visual-Consistency-tablet/typography-reference-actual.png
    Diff:     ../test-results/visual-regression-Visual-R-88125-pography-Visual-Consistency-tablet/typography-reference-diff.png
    ────────────────────────────────────────────────────────────────────────────────────────────────

    attachment #2: screenshot (image/png) ──────────────────────────────────────────────────────────
    ../test-results/visual-regression-Visual-R-88125-pography-Visual-Consistency-tablet/test-failed-1.png
    ────────────────────────────────────────────────────────────────────────────────────────────────

    attachment #3: video (video/webm) ──────────────────────────────────────────────────────────────
    ../test-results/visual-regression-Visual-R-88125-pography-Visual-Consistency-tablet/video.webm
    ────────────────────────────────────────────────────────────────────────────────────────────────

    Error Context: ../test-results/visual-regression-Visual-R-88125-pography-Visual-Consistency-tablet/error-context.md
]]>
</failure>
<system-out>
<![CDATA[
[[ATTACHMENT|tests/visual-regression.spec.ts-snapshots/typography-reference-tablet-darwin.png]]

[[ATTACHMENT|test-results/visual-regression-Visual-R-88125-pography-Visual-Consistency-tablet/typography-reference-actual.png]]

[[ATTACHMENT|test-results/visual-regression-Visual-R-88125-pography-Visual-Consistency-tablet/typography-reference-diff.png]]

[[ATTACHMENT|test-results/visual-regression-Visual-R-88125-pography-Visual-Consistency-tablet/test-failed-1.png]]

[[ATTACHMENT|test-results/visual-regression-Visual-R-88125-pography-Visual-Consistency-tablet/video.webm]]

[[ATTACHMENT|test-results/visual-regression-Visual-R-88125-pography-Visual-Consistency-tablet/error-context.md]]
]]>
</system-out>
</testcase>
<testcase name="Visual Regression Testing › Dark Mode Visual Consistency" classname="visual-regression.spec.ts" time="5.276">
<failure message="visual-regression.spec.ts:285:7 Dark Mode Visual Consistency" type="FAILURE">
<![CDATA[  [tablet] › visual-regression.spec.ts:285:7 › Visual Regression Testing › Dark Mode Visual Consistency 

    Error: expect(page).toHaveScreenshot(expected)

      Expected an image 1280px by 5610px, received 1280px by 5014px. 6310192 pixels (ratio 0.88 of all image pixels) are different.

      Snapshot: light-theme-homepage.png

    Call log:
      - Expect "toHaveScreenshot(light-theme-homepage.png)" with timeout 5000ms
        - verifying given screenshot expectation
      - taking page screenshot
        - disabled all CSS animations
      - waiting for fonts to load...
      - fonts loaded
      - Expected an image 1280px by 5610px, received 1280px by 5021px. 6310192 pixels (ratio 0.88 of all image pixels) are different.
      - waiting 100ms before taking screenshot
      - taking page screenshot
        - disabled all CSS animations
      - waiting for fonts to load...
      - fonts loaded
      - Expected an image 1280px by 5021px, received 1280px by 5014px.
      - waiting 250ms before taking screenshot
      - taking page screenshot
        - disabled all CSS animations
      - waiting for fonts to load...
      - fonts loaded
      - captured a stable screenshot
      - Expected an image 1280px by 5610px, received 1280px by 5014px. 6310192 pixels (ratio 0.88 of all image pixels) are different.


      299 |       
      300 |       // Full page in current theme
    > 301 |       await expect(page).toHaveScreenshot(`${theme}-theme-homepage.png`, {
          |                          ^
      302 |         fullPage: true,
      303 |         animations: 'disabled'
      304 |       });
        at /Users/juleslustig/Hubs/FX_Shield/Code_Archive/Projects/aptly.co/tests/visual-regression.spec.ts:301:26

    attachment #1: light-theme-homepage (image/png) ────────────────────────────────────────────────
    Expected: visual-regression.spec.ts-snapshots/light-theme-homepage-tablet-darwin.png
    Received: ../test-results/visual-regression-Visual-R-5105a-ark-Mode-Visual-Consistency-tablet/light-theme-homepage-actual.png
    Diff:     ../test-results/visual-regression-Visual-R-5105a-ark-Mode-Visual-Consistency-tablet/light-theme-homepage-diff.png
    ────────────────────────────────────────────────────────────────────────────────────────────────

    attachment #2: screenshot (image/png) ──────────────────────────────────────────────────────────
    ../test-results/visual-regression-Visual-R-5105a-ark-Mode-Visual-Consistency-tablet/test-failed-1.png
    ────────────────────────────────────────────────────────────────────────────────────────────────

    attachment #3: video (video/webm) ──────────────────────────────────────────────────────────────
    ../test-results/visual-regression-Visual-R-5105a-ark-Mode-Visual-Consistency-tablet/video.webm
    ────────────────────────────────────────────────────────────────────────────────────────────────

    Error Context: ../test-results/visual-regression-Visual-R-5105a-ark-Mode-Visual-Consistency-tablet/error-context.md
]]>
</failure>
<system-out>
<![CDATA[
[[ATTACHMENT|tests/visual-regression.spec.ts-snapshots/light-theme-homepage-tablet-darwin.png]]

[[ATTACHMENT|test-results/visual-regression-Visual-R-5105a-ark-Mode-Visual-Consistency-tablet/light-theme-homepage-actual.png]]

[[ATTACHMENT|test-results/visual-regression-Visual-R-5105a-ark-Mode-Visual-Consistency-tablet/light-theme-homepage-diff.png]]

[[ATTACHMENT|test-results/visual-regression-Visual-R-5105a-ark-Mode-Visual-Consistency-tablet/test-failed-1.png]]

[[ATTACHMENT|test-results/visual-regression-Visual-R-5105a-ark-Mode-Visual-Consistency-tablet/video.webm]]

[[ATTACHMENT|test-results/visual-regression-Visual-R-5105a-ark-Mode-Visual-Consistency-tablet/error-context.md]]
]]>
</system-out>
</testcase>
<testcase name="Visual Regression Testing › Loading States Visual Consistency" classname="visual-regression.spec.ts" time="1.775">
<failure message="visual-regression.spec.ts:324:7 Loading States Visual Consistency" type="FAILURE">
<![CDATA[  [tablet] › visual-regression.spec.ts:324:7 › Visual Regression Testing › Loading States Visual Consistency 

    Error: expect(page).toHaveScreenshot(expected)

      917870 pixels (ratio 1.00 of all image pixels) are different.

      Snapshot: loading-state.png

    Call log:
      - Expect "toHaveScreenshot(loading-state.png)" with timeout 5000ms
        - verifying given screenshot expectation
      - taking page screenshot
        - disabled all CSS animations
      - waiting for fonts to load...
      - fonts loaded
      - 917870 pixels (ratio 1.00 of all image pixels) are different.
      - waiting 100ms before taking screenshot
      - taking page screenshot
        - disabled all CSS animations
      - waiting for fonts to load...
      - fonts loaded
      - captured a stable screenshot
      - 917870 pixels (ratio 1.00 of all image pixels) are different.


      331 |     
      332 |     // Capture loading state
    > 333 |     await expect(page).toHaveScreenshot('loading-state.png', {
          |                        ^
      334 |       animations: 'disabled'
      335 |     });
      336 |     
        at /Users/juleslustig/Hubs/FX_Shield/Code_Archive/Projects/aptly.co/tests/visual-regression.spec.ts:333:24

    attachment #1: loading-state (image/png) ───────────────────────────────────────────────────────
    Expected: visual-regression.spec.ts-snapshots/loading-state-tablet-darwin.png
    Received: ../test-results/visual-regression-Visual-R-1b4d2-g-States-Visual-Consistency-tablet/loading-state-actual.png
    Diff:     ../test-results/visual-regression-Visual-R-1b4d2-g-States-Visual-Consistency-tablet/loading-state-diff.png
    ────────────────────────────────────────────────────────────────────────────────────────────────

    attachment #2: screenshot (image/png) ──────────────────────────────────────────────────────────
    ../test-results/visual-regression-Visual-R-1b4d2-g-States-Visual-Consistency-tablet/test-failed-1.png
    ────────────────────────────────────────────────────────────────────────────────────────────────

    attachment #3: video (video/webm) ──────────────────────────────────────────────────────────────
    ../test-results/visual-regression-Visual-R-1b4d2-g-States-Visual-Consistency-tablet/video.webm
    ────────────────────────────────────────────────────────────────────────────────────────────────

    Error Context: ../test-results/visual-regression-Visual-R-1b4d2-g-States-Visual-Consistency-tablet/error-context.md
]]>
</failure>
<system-out>
<![CDATA[
[[ATTACHMENT|tests/visual-regression.spec.ts-snapshots/loading-state-tablet-darwin.png]]

[[ATTACHMENT|test-results/visual-regression-Visual-R-1b4d2-g-States-Visual-Consistency-tablet/loading-state-actual.png]]

[[ATTACHMENT|test-results/visual-regression-Visual-R-1b4d2-g-States-Visual-Consistency-tablet/loading-state-diff.png]]

[[ATTACHMENT|test-results/visual-regression-Visual-R-1b4d2-g-States-Visual-Consistency-tablet/test-failed-1.png]]

[[ATTACHMENT|test-results/visual-regression-Visual-R-1b4d2-g-States-Visual-Consistency-tablet/video.webm]]

[[ATTACHMENT|test-results/visual-regression-Visual-R-1b4d2-g-States-Visual-Consistency-tablet/error-context.md]]
]]>
</system-out>
</testcase>
<testcase name="Visual Regression Testing › Error State Visual Consistency" classname="visual-regression.spec.ts" time="2.937">
<failure message="visual-regression.spec.ts:347:7 Error State Visual Consistency" type="FAILURE">
<![CDATA[  [tablet] › visual-regression.spec.ts:347:7 › Visual Regression Testing › Error State Visual Consistency 

    Error: expect(page).toHaveScreenshot(expected)

      Expected an image 1280px by 2808px, received 1280px by 2666px. 3525463 pixels (ratio 0.99 of all image pixels) are different.

      Snapshot: 404-page.png

    Call log:
      - Expect "toHaveScreenshot(404-page.png)" with timeout 5000ms
        - verifying given screenshot expectation
      - taking page screenshot
        - disabled all CSS animations
      - waiting for fonts to load...
      - fonts loaded
      - Expected an image 1280px by 2808px, received 1280px by 2667px. 3525463 pixels (ratio 0.99 of all image pixels) are different.
      - waiting 100ms before taking screenshot
      - taking page screenshot
        - disabled all CSS animations
      - waiting for fonts to load...
      - fonts loaded
      - Expected an image 1280px by 2667px, received 1280px by 2666px.
      - waiting 250ms before taking screenshot
      - taking page screenshot
        - disabled all CSS animations
      - waiting for fonts to load...
      - fonts loaded
      - captured a stable screenshot
      - Expected an image 1280px by 2808px, received 1280px by 2666px. 3525463 pixels (ratio 0.99 of all image pixels) are different.


      350 |     await page.waitForLoadState('networkidle');
      351 |     
    > 352 |     await expect(page).toHaveScreenshot('404-page.png', {
          |                        ^
      353 |       fullPage: true,
      354 |       animations: 'disabled'
      355 |     });
        at /Users/juleslustig/Hubs/FX_Shield/Code_Archive/Projects/aptly.co/tests/visual-regression.spec.ts:352:24

    attachment #1: 404-page (image/png) ────────────────────────────────────────────────────────────
    Expected: visual-regression.spec.ts-snapshots/404-page-tablet-darwin.png
    Received: ../test-results/visual-regression-Visual-R-58280-or-State-Visual-Consistency-tablet/404-page-actual.png
    Diff:     ../test-results/visual-regression-Visual-R-58280-or-State-Visual-Consistency-tablet/404-page-diff.png
    ────────────────────────────────────────────────────────────────────────────────────────────────

    attachment #2: screenshot (image/png) ──────────────────────────────────────────────────────────
    ../test-results/visual-regression-Visual-R-58280-or-State-Visual-Consistency-tablet/test-failed-1.png
    ────────────────────────────────────────────────────────────────────────────────────────────────

    attachment #3: video (video/webm) ──────────────────────────────────────────────────────────────
    ../test-results/visual-regression-Visual-R-58280-or-State-Visual-Consistency-tablet/video.webm
    ────────────────────────────────────────────────────────────────────────────────────────────────

    Error Context: ../test-results/visual-regression-Visual-R-58280-or-State-Visual-Consistency-tablet/error-context.md
]]>
</failure>
<system-out>
<![CDATA[
[[ATTACHMENT|tests/visual-regression.spec.ts-snapshots/404-page-tablet-darwin.png]]

[[ATTACHMENT|test-results/visual-regression-Visual-R-58280-or-State-Visual-Consistency-tablet/404-page-actual.png]]

[[ATTACHMENT|test-results/visual-regression-Visual-R-58280-or-State-Visual-Consistency-tablet/404-page-diff.png]]

[[ATTACHMENT|test-results/visual-regression-Visual-R-58280-or-State-Visual-Consistency-tablet/test-failed-1.png]]

[[ATTACHMENT|test-results/visual-regression-Visual-R-58280-or-State-Visual-Consistency-tablet/video.webm]]

[[ATTACHMENT|test-results/visual-regression-Visual-R-58280-or-State-Visual-Consistency-tablet/error-context.md]]
]]>
</system-out>
</testcase>
<testcase name="Visual Regression Testing › Interactive Elements Visual States" classname="visual-regression.spec.ts" time="0.573">
<failure message="visual-regression.spec.ts:376:7 Interactive Elements Visual States" type="FAILURE">
<![CDATA[  [tablet] › visual-regression.spec.ts:376:7 › Visual Regression Testing › Interactive Elements Visual States 

    Error: expect(locator).toHaveScreenshot(expected)

      Expected an image 36px by 29px, received 40px by 33px. 207 pixels (ratio 0.16 of all image pixels) are different.

      Snapshot: button-normal.png

    Call log:
      - Expect "toHaveScreenshot(button-normal.png)" with timeout 5000ms
        - verifying given screenshot expectation
      - waiting for locator('button, [role="button"], a[class*="button"]').first()
        - locator resolved to <button aria-label="Toggle menu" class="p-3 min-w-[44px] min-h-[44px] flex items-center justify-center text-white hover:text-teal transition-all duration-200 hover:scale-110">…</button>
      - taking element screenshot
        - disabled all CSS animations
      - waiting for fonts to load...
      - fonts loaded
      - attempting scroll into view action
        - waiting for element to be stable
      - Expected an image 36px by 29px, received 40px by 33px. 207 pixels (ratio 0.16 of all image pixels) are different.
      - waiting 100ms before taking screenshot
      - waiting for locator('button, [role="button"], a[class*="button"]').first()
        - locator resolved to <button aria-label="Toggle menu" class="p-3 min-w-[44px] min-h-[44px] flex items-center justify-center text-white hover:text-teal transition-all duration-200 hover:scale-110">…</button>
      - taking element screenshot
        - disabled all CSS animations
      - waiting for fonts to load...
      - fonts loaded
      - attempting scroll into view action
        - waiting for element to be stable
      - captured a stable screenshot
      - Expected an image 36px by 29px, received 40px by 33px. 207 pixels (ratio 0.16 of all image pixels) are different.


      385 |       
      386 |       // Normal state
    > 387 |       await expect(firstButton).toHaveScreenshot('button-normal.png', {
          |                                 ^
      388 |         animations: 'disabled'
      389 |       });
      390 |       
        at /Users/juleslustig/Hubs/FX_Shield/Code_Archive/Projects/aptly.co/tests/visual-regression.spec.ts:387:33

    attachment #1: button-normal (image/png) ───────────────────────────────────────────────────────
    Expected: visual-regression.spec.ts-snapshots/button-normal-tablet-darwin.png
    Received: ../test-results/visual-regression-Visual-R-f65dd-tive-Elements-Visual-States-tablet/button-normal-actual.png
    Diff:     ../test-results/visual-regression-Visual-R-f65dd-tive-Elements-Visual-States-tablet/button-normal-diff.png
    ────────────────────────────────────────────────────────────────────────────────────────────────

    attachment #2: screenshot (image/png) ──────────────────────────────────────────────────────────
    ../test-results/visual-regression-Visual-R-f65dd-tive-Elements-Visual-States-tablet/test-failed-1.png
    ────────────────────────────────────────────────────────────────────────────────────────────────

    attachment #3: video (video/webm) ──────────────────────────────────────────────────────────────
    ../test-results/visual-regression-Visual-R-f65dd-tive-Elements-Visual-States-tablet/video.webm
    ────────────────────────────────────────────────────────────────────────────────────────────────

    Error Context: ../test-results/visual-regression-Visual-R-f65dd-tive-Elements-Visual-States-tablet/error-context.md
]]>
</failure>
<system-out>
<![CDATA[
[[ATTACHMENT|tests/visual-regression.spec.ts-snapshots/button-normal-tablet-darwin.png]]

[[ATTACHMENT|test-results/visual-regression-Visual-R-f65dd-tive-Elements-Visual-States-tablet/button-normal-actual.png]]

[[ATTACHMENT|test-results/visual-regression-Visual-R-f65dd-tive-Elements-Visual-States-tablet/button-normal-diff.png]]

[[ATTACHMENT|test-results/visual-regression-Visual-R-f65dd-tive-Elements-Visual-States-tablet/test-failed-1.png]]

[[ATTACHMENT|test-results/visual-regression-Visual-R-f65dd-tive-Elements-Visual-States-tablet/video.webm]]

[[ATTACHMENT|test-results/visual-regression-Visual-R-f65dd-tive-Elements-Visual-States-tablet/error-context.md]]
]]>
</system-out>
</testcase>
</testsuite>
</testsuites>